<?xml version="1.0" encoding="UTF-8"?>
<robot generator="Robot 3.2.2 (Python 3.9.0 on win32)" generated="20201030 16:41:05.169" rpa="false">
<suite id="s1" name="AppiumProject" source="E:\RobotWorkspace\AppiumProject">
<suite id="s1-s1" name="Webappsuite" source="E:\RobotWorkspace\AppiumProject\webappsuite">
<suite id="s1-s1-s1" name="Webapptest" source="E:\RobotWorkspace\AppiumProject\webappsuite\webapptest.robot">
<test id="s1-s1-s1-t1" name="winapp">
<kw name="Open Application" library="AppiumLibrary">
<doc>Opens a new application to given Appium server.
Capabilities of appium server, Android and iOS,
Please check https://github.com/appium/appium/blob/master/docs/en/writing-running-appium/server-args.md
| *Option*            | *Man.* | *Description*     |
| remote_url          | Yes    | Appium server url |
| alias               | no     | alias             |</doc>
<arguments>
<arg>remote_url=http://localhost:4723/wd/hub</arg>
<arg>platformName=Windows</arg>
<arg>deviceName=windows</arg>
<arg>app=C:\\Windows\\system32\\notepad.exe</arg>
</arguments>
<status status="PASS" starttime="20201030 16:41:05.385" endtime="20201030 16:41:07.871"></status>
</kw>
<kw name="Input Text" library="AppiumLibrary">
<doc>Types the given `text` into text field identified by `locator`.</doc>
<arguments>
<arg>//*[@ClassName="Edit"]</arg>
<arg>Hello World</arg>
</arguments>
<msg timestamp="20201030 16:41:07.872" level="INFO">Typing text 'Hello World' into text field '//*[@ClassName="Edit"]'</msg>
<status status="PASS" starttime="20201030 16:41:07.871" endtime="20201030 16:41:08.503"></status>
</kw>
<kw name="Click Element" library="AppiumLibrary">
<doc>Click element identified by `locator`.</doc>
<arguments>
<arg>//*[@Name="File"]</arg>
</arguments>
<msg timestamp="20201030 16:41:08.504" level="INFO">Clicking element '//*[@Name="File"]'.</msg>
<status status="PASS" starttime="20201030 16:41:08.504" endtime="20201030 16:41:08.786"></status>
</kw>
<kw name="Click Element" library="AppiumLibrary">
<doc>Click element identified by `locator`.</doc>
<arguments>
<arg>//*[@Name="Exit"]</arg>
</arguments>
<msg timestamp="20201030 16:41:08.787" level="INFO">Clicking element '//*[@Name="Exit"]'.</msg>
<status status="PASS" starttime="20201030 16:41:08.786" endtime="20201030 16:41:09.118"></status>
</kw>
<kw name="Sleep" library="BuiltIn">
<doc>Pauses the test executed for the given time.</doc>
<arguments>
<arg>2</arg>
</arguments>
<msg timestamp="20201030 16:41:11.120" level="INFO">Slept 2 seconds</msg>
<status status="PASS" starttime="20201030 16:41:09.118" endtime="20201030 16:41:11.120"></status>
</kw>
<kw name="Click Element" library="AppiumLibrary">
<doc>Click element identified by `locator`.</doc>
<arguments>
<arg>//*[@Name="Save"]</arg>
</arguments>
<msg timestamp="20201030 16:41:11.121" level="INFO">Clicking element '//*[@Name="Save"]'.</msg>
<status status="PASS" starttime="20201030 16:41:11.120" endtime="20201030 16:41:11.492"></status>
</kw>
<kw name="Sleep" library="BuiltIn">
<doc>Pauses the test executed for the given time.</doc>
<arguments>
<arg>3</arg>
</arguments>
<msg timestamp="20201030 16:41:14.494" level="INFO">Slept 3 seconds</msg>
<status status="PASS" starttime="20201030 16:41:11.493" endtime="20201030 16:41:14.494"></status>
</kw>
<kw name="Click Element" library="AppiumLibrary">
<doc>Click element identified by `locator`.</doc>
<arguments>
<arg>//Edit[@Name="File name:"]</arg>
</arguments>
<msg timestamp="20201030 16:41:14.495" level="INFO">Clicking element '//Edit[@Name="File name:"]'.</msg>
<status status="PASS" starttime="20201030 16:41:14.494" endtime="20201030 16:41:16.105"></status>
</kw>
<kw name="Clear Text" library="AppiumLibrary">
<doc>Clears the text field identified by `locator`.</doc>
<arguments>
<arg>//Edit[@Name="File name:"]</arg>
</arguments>
<msg timestamp="20201030 16:41:16.106" level="INFO">Clear text field '//Edit[@Name="File name:"]'</msg>
<status status="PASS" starttime="20201030 16:41:16.105" endtime="20201030 16:41:17.493"></status>
</kw>
<kw name="Input Text" library="AppiumLibrary">
<doc>Types the given `text` into text field identified by `locator`.</doc>
<arguments>
<arg>//Edit[@Name="File name:"]</arg>
<arg>E:\AutomatedText\Hello_World.txt</arg>
</arguments>
<msg timestamp="20201030 16:41:17.494" level="INFO">Typing text 'E:AutomatedTextHello_World.txt' into text field '//Edit[@Name="File name:"]'</msg>
<status status="PASS" starttime="20201030 16:41:17.493" endtime="20201030 16:41:20.134"></status>
</kw>
<kw name="Sleep" library="BuiltIn">
<doc>Pauses the test executed for the given time.</doc>
<arguments>
<arg>2</arg>
</arguments>
<msg timestamp="20201030 16:41:22.136" level="INFO">Slept 2 seconds</msg>
<status status="PASS" starttime="20201030 16:41:20.135" endtime="20201030 16:41:22.136"></status>
</kw>
<kw name="Click Element" library="AppiumLibrary">
<doc>Click element identified by `locator`.</doc>
<arguments>
<arg>//Button[@Name="Save"]</arg>
</arguments>
<msg timestamp="20201030 16:41:22.136" level="INFO">Clicking element '//Button[@Name="Save"]'.</msg>
<status status="PASS" starttime="20201030 16:41:22.136" endtime="20201030 16:41:23.725"></status>
</kw>
<status status="PASS" starttime="20201030 16:41:05.384" endtime="20201030 16:41:23.725" critical="yes"></status>
</test>
<status status="PASS" starttime="20201030 16:41:05.220" endtime="20201030 16:41:23.726"></status>
</suite>
<status status="PASS" starttime="20201030 16:41:05.217" endtime="20201030 16:41:23.727"></status>
</suite>
<status status="PASS" starttime="20201030 16:41:05.198" endtime="20201030 16:41:23.728"></status>
</suite>
<statistics>
<total>
<stat pass="1" fail="0">Critical Tests</stat>
<stat pass="1" fail="0">All Tests</stat>
</total>
<tag>
</tag>
<suite>
<stat pass="1" fail="0" id="s1" name="AppiumProject">AppiumProject</stat>
<stat pass="1" fail="0" id="s1-s1" name="Webappsuite">AppiumProject.Webappsuite</stat>
<stat pass="1" fail="0" id="s1-s1-s1" name="Webapptest">AppiumProject.Webappsuite.Webapptest</stat>
</suite>
</statistics>
<errors>
</errors>
</robot>
